{"/Users/alexandredossantosgoncalves/Repositories/GameTemplete/src/components/Header/Header.styles.ts": {"path":"/Users/alexandredossantosgoncalves/Repositories/GameTemplete/src/components/Header/Header.styles.ts","statementMap":{"0":{"start":{"line":7,"column":24},"end":{"line":10,"column":3}},"1":{"start":{"line":7,"column":61},"end":{"line":10,"column":1}},"2":{"start":{"line":12,"column":31},"end":{"line":14,"column":2}},"3":{"start":{"line":16,"column":24},"end":{"line":18,"column":4}},"4":{"start":{"line":20,"column":25},"end":{"line":29,"column":3}},"5":{"start":{"line":20,"column":53},"end":{"line":29,"column":1}},"6":{"start":{"line":31,"column":21},"end":{"line":33,"column":4}}},"fnMap":{"0":{"name":"(anonymous_0)","decl":{"start":{"line":7,"column":45},"end":{"line":7,"column":46}},"loc":{"start":{"line":7,"column":61},"end":{"line":10,"column":1}},"line":7},"1":{"name":"(anonymous_1)","decl":{"start":{"line":20,"column":37},"end":{"line":20,"column":38}},"loc":{"start":{"line":20,"column":53},"end":{"line":29,"column":1}},"line":20}},"branchMap":{"0":{"loc":{"start":{"line":9,"column":14},"end":{"line":9,"column":69}},"type":"cond-expr","locations":[{"start":{"line":9,"column":42},"end":{"line":9,"column":65}},{"start":{"line":9,"column":68},"end":{"line":9,"column":69}}],"line":9}},"s":{"0":3,"1":9,"2":3,"3":3,"4":3,"5":8,"6":3},"f":{"0":9,"1":8},"b":{"0":[1,8]},"_coverageSchema":"1a1c01bbd47fc00a2c39e90264f33305004495a9","hash":"ba982adb5955e738762ebebf46c48c07227110aa"}
,"/Users/alexandredossantosgoncalves/Repositories/GameTemplete/src/components/Header/Header.tsx": {"path":"/Users/alexandredossantosgoncalves/Repositories/GameTemplete/src/components/Header/Header.tsx","statementMap":{"0":{"start":{"line":12,"column":22},"end":{"line":36,"column":1}},"1":{"start":{"line":13,"column":21},"end":{"line":13,"column":36}},"2":{"start":{"line":14,"column":16},"end":{"line":14,"column":32}},"3":{"start":{"line":16,"column":20},"end":{"line":16,"column":42}},"4":{"start":{"line":18,"column":2},"end":{"line":35,"column":4}},"5":{"start":{"line":23,"column":27},"end":{"line":23,"column":46}}},"fnMap":{"0":{"name":"(anonymous_0)","decl":{"start":{"line":12,"column":22},"end":{"line":12,"column":23}},"loc":{"start":{"line":12,"column":44},"end":{"line":36,"column":1}},"line":12},"1":{"name":"(anonymous_1)","decl":{"start":{"line":23,"column":21},"end":{"line":23,"column":22}},"loc":{"start":{"line":23,"column":27},"end":{"line":23,"column":46}},"line":23}},"branchMap":{"0":{"loc":{"start":{"line":21,"column":9},"end":{"line":30,"column":9}},"type":"cond-expr","locations":[{"start":{"line":22,"column":10},"end":{"line":27,"column":29}},{"start":{"line":29,"column":10},"end":{"line":29,"column":57}}],"line":21}},"s":{"0":2,"1":7,"2":7,"3":7,"4":7,"5":1},"f":{"0":7,"1":1},"b":{"0":[4,3]},"_coverageSchema":"1a1c01bbd47fc00a2c39e90264f33305004495a9","hash":"47459a6ced72e1267dfdfcc187527699c7ce7e54"}
,"/Users/alexandredossantosgoncalves/Repositories/GameTemplete/src/components/LanguageSelector/LanguageSelector.styles.ts": {"path":"/Users/alexandredossantosgoncalves/Repositories/GameTemplete/src/components/LanguageSelector/LanguageSelector.styles.ts","statementMap":{"0":{"start":{"line":6,"column":24},"end":{"line":10,"column":2}},"1":{"start":{"line":12,"column":25},"end":{"line":14,"column":2}},"2":{"start":{"line":16,"column":21},"end":{"line":20,"column":3}},"3":{"start":{"line":16,"column":50},"end":{"line":20,"column":1}},"4":{"start":{"line":22,"column":28},"end":{"line":27,"column":3}},"5":{"start":{"line":22,"column":56},"end":{"line":27,"column":1}},"6":{"start":{"line":29,"column":22},"end":{"line":31,"column":2}},"7":{"start":{"line":33,"column":26},"end":{"line":35,"column":3}},"8":{"start":{"line":33,"column":55},"end":{"line":35,"column":1}},"9":{"start":{"line":37,"column":30},"end":{"line":43,"column":3}},"10":{"start":{"line":37,"column":63},"end":{"line":43,"column":1}},"11":{"start":{"line":45,"column":28},"end":{"line":47,"column":3}},"12":{"start":{"line":45,"column":57},"end":{"line":47,"column":1}}},"fnMap":{"0":{"name":"(anonymous_0)","decl":{"start":{"line":16,"column":34},"end":{"line":16,"column":35}},"loc":{"start":{"line":16,"column":50},"end":{"line":20,"column":1}},"line":16},"1":{"name":"(anonymous_1)","decl":{"start":{"line":22,"column":40},"end":{"line":22,"column":41}},"loc":{"start":{"line":22,"column":56},"end":{"line":27,"column":1}},"line":22},"2":{"name":"(anonymous_2)","decl":{"start":{"line":33,"column":39},"end":{"line":33,"column":40}},"loc":{"start":{"line":33,"column":55},"end":{"line":35,"column":1}},"line":33},"3":{"name":"(anonymous_3)","decl":{"start":{"line":37,"column":47},"end":{"line":37,"column":48}},"loc":{"start":{"line":37,"column":63},"end":{"line":43,"column":1}},"line":37},"4":{"name":"(anonymous_4)","decl":{"start":{"line":45,"column":41},"end":{"line":45,"column":42}},"loc":{"start":{"line":45,"column":57},"end":{"line":47,"column":1}},"line":45}},"branchMap":{},"s":{"0":3,"1":3,"2":3,"3":17,"4":3,"5":5,"6":3,"7":3,"8":17,"9":3,"10":17,"11":3,"12":17},"f":{"0":17,"1":5,"2":17,"3":17,"4":17},"b":{},"_coverageSchema":"1a1c01bbd47fc00a2c39e90264f33305004495a9","hash":"bb134d382f40f9ee98d6cead25981ae80a5f47eb"}
,"/Users/alexandredossantosgoncalves/Repositories/GameTemplete/src/components/LanguageSelector/LanguageSelector.tsx": {"path":"/Users/alexandredossantosgoncalves/Repositories/GameTemplete/src/components/LanguageSelector/LanguageSelector.tsx","statementMap":{"0":{"start":{"line":16,"column":32},"end":{"line":71,"column":1}},"1":{"start":{"line":17,"column":16},"end":{"line":17,"column":41}},"2":{"start":{"line":18,"column":25},"end":{"line":18,"column":49}},"3":{"start":{"line":19,"column":39},"end":{"line":19,"column":52}},"4":{"start":{"line":20,"column":32},"end":{"line":20,"column":47}},"5":{"start":{"line":22,"column":32},"end":{"line":31,"column":3}},"6":{"start":{"line":24,"column":6},"end":{"line":29,"column":8}},"7":{"start":{"line":25,"column":8},"end":{"line":28,"column":10}},"8":{"start":{"line":33,"column":24},"end":{"line":35,"column":10}},"9":{"start":{"line":34,"column":14},"end":{"line":34,"column":39}},"10":{"start":{"line":37,"column":2},"end":{"line":70,"column":4}},"11":{"start":{"line":42,"column":23},"end":{"line":42,"column":39}},"12":{"start":{"line":52,"column":53},"end":{"line":52,"column":70}},"13":{"start":{"line":55,"column":14},"end":{"line":64,"column":25}},"14":{"start":{"line":59,"column":18},"end":{"line":59,"column":47}},"15":{"start":{"line":60,"column":18},"end":{"line":60,"column":36}}},"fnMap":{"0":{"name":"(anonymous_0)","decl":{"start":{"line":16,"column":32},"end":{"line":16,"column":33}},"loc":{"start":{"line":16,"column":38},"end":{"line":71,"column":1}},"line":16},"1":{"name":"(anonymous_1)","decl":{"start":{"line":23,"column":4},"end":{"line":23,"column":5}},"loc":{"start":{"line":24,"column":6},"end":{"line":29,"column":8}},"line":24},"2":{"name":"(anonymous_2)","decl":{"start":{"line":24,"column":52},"end":{"line":24,"column":53}},"loc":{"start":{"line":24,"column":60},"end":{"line":29,"column":7}},"line":24},"3":{"name":"(anonymous_3)","decl":{"start":{"line":34,"column":4},"end":{"line":34,"column":5}},"loc":{"start":{"line":34,"column":14},"end":{"line":34,"column":39}},"line":34},"4":{"name":"(anonymous_4)","decl":{"start":{"line":42,"column":17},"end":{"line":42,"column":18}},"loc":{"start":{"line":42,"column":23},"end":{"line":42,"column":39}},"line":42},"5":{"name":"(anonymous_5)","decl":{"start":{"line":52,"column":47},"end":{"line":52,"column":48}},"loc":{"start":{"line":52,"column":53},"end":{"line":52,"column":70}},"line":52},"6":{"name":"(anonymous_6)","decl":{"start":{"line":54,"column":25},"end":{"line":54,"column":26}},"loc":{"start":{"line":55,"column":14},"end":{"line":64,"column":25}},"line":55},"7":{"name":"(anonymous_7)","decl":{"start":{"line":58,"column":25},"end":{"line":58,"column":26}},"loc":{"start":{"line":58,"column":31},"end":{"line":61,"column":17}},"line":58}},"branchMap":{},"s":{"0":2,"1":16,"2":16,"3":16,"4":16,"5":16,"6":16,"7":64,"8":16,"9":42,"10":16,"11":4,"12":1,"13":64,"14":1,"15":1},"f":{"0":16,"1":16,"2":64,"3":42,"4":4,"5":1,"6":64,"7":1},"b":{},"_coverageSchema":"1a1c01bbd47fc00a2c39e90264f33305004495a9","hash":"cbd2a633ecae071f4848076c6e09dd74020cf3a4"}
,"/Users/alexandredossantosgoncalves/Repositories/GameTemplete/src/components/Text/Text.styles.ts": {"path":"/Users/alexandredossantosgoncalves/Repositories/GameTemplete/src/components/Text/Text.styles.ts","statementMap":{"0":{"start":{"line":14,"column":26},"end":{"line":41,"column":2}},"1":{"start":{"line":14,"column":73},"end":{"line":16,"column":1}},"2":{"start":{"line":20,"column":2},"end":{"line":33,"column":3}},"3":{"start":{"line":22,"column":6},"end":{"line":22,"column":35}},"4":{"start":{"line":23,"column":6},"end":{"line":23,"column":25}},"5":{"start":{"line":24,"column":6},"end":{"line":24,"column":12}},"6":{"start":{"line":26,"column":6},"end":{"line":26,"column":39}},"7":{"start":{"line":27,"column":6},"end":{"line":27,"column":25}},"8":{"start":{"line":28,"column":6},"end":{"line":28,"column":12}},"9":{"start":{"line":30,"column":6},"end":{"line":30,"column":38}},"10":{"start":{"line":31,"column":6},"end":{"line":31,"column":25}},"11":{"start":{"line":32,"column":6},"end":{"line":32,"column":12}},"12":{"start":{"line":35,"column":2},"end":{"line":40,"column":4}}},"fnMap":{"0":{"name":"(anonymous_0)","decl":{"start":{"line":14,"column":57},"end":{"line":14,"column":58}},"loc":{"start":{"line":14,"column":73},"end":{"line":16,"column":1}},"line":14},"1":{"name":"(anonymous_1)","decl":{"start":{"line":16,"column":17},"end":{"line":16,"column":18}},"loc":{"start":{"line":16,"column":57},"end":{"line":41,"column":1}},"line":16}},"branchMap":{"0":{"loc":{"start":{"line":20,"column":2},"end":{"line":33,"column":3}},"type":"switch","locations":[{"start":{"line":21,"column":4},"end":{"line":24,"column":12}},{"start":{"line":25,"column":4},"end":{"line":28,"column":12}},{"start":{"line":29,"column":4},"end":{"line":32,"column":12}}],"line":20},"1":{"loc":{"start":{"line":39,"column":11},"end":{"line":39,"column":38}},"type":"binary-expr","locations":[{"start":{"line":39,"column":11},"end":{"line":39,"column":17}},{"start":{"line":39,"column":21},"end":{"line":39,"column":38}}],"line":39}},"s":{"0":11,"1":138,"2":138,"3":11,"4":11,"5":11,"6":5,"7":5,"8":5,"9":122,"10":122,"11":122,"12":138},"f":{"0":138,"1":138},"b":{"0":[11,5,122],"1":[138,131]},"_coverageSchema":"1a1c01bbd47fc00a2c39e90264f33305004495a9","hash":"a7070e514a0a2c28a2fd61175bfa472477e69c55"}
,"/Users/alexandredossantosgoncalves/Repositories/GameTemplete/src/components/Text/Text.tsx": {"path":"/Users/alexandredossantosgoncalves/Repositories/GameTemplete/src/components/Text/Text.tsx","statementMap":{"0":{"start":{"line":11,"column":20},"end":{"line":30,"column":1}},"1":{"start":{"line":19,"column":2},"end":{"line":29,"column":4}}},"fnMap":{"0":{"name":"(anonymous_0)","decl":{"start":{"line":11,"column":20},"end":{"line":11,"column":21}},"loc":{"start":{"line":18,"column":13},"end":{"line":30,"column":1}},"line":18}},"branchMap":{"0":{"loc":{"start":{"line":13,"column":2},"end":{"line":13,"column":21}},"type":"default-arg","locations":[{"start":{"line":13,"column":12},"end":{"line":13,"column":21}}],"line":13},"1":{"loc":{"start":{"line":14,"column":2},"end":{"line":14,"column":16}},"type":"default-arg","locations":[{"start":{"line":14,"column":9},"end":{"line":14,"column":16}}],"line":14}},"s":{"0":11,"1":138},"f":{"0":138},"b":{"0":[116],"1":[103]},"_coverageSchema":"1a1c01bbd47fc00a2c39e90264f33305004495a9","hash":"677b28775b81757da9e45e1ba4edfbc08a863a8d"}
,"/Users/alexandredossantosgoncalves/Repositories/GameTemplete/src/components/ThemeSelector/ThemeSelector.styles.ts": {"path":"/Users/alexandredossantosgoncalves/Repositories/GameTemplete/src/components/ThemeSelector/ThemeSelector.styles.ts","statementMap":{"0":{"start":{"line":6,"column":24},"end":{"line":10,"column":2}},"1":{"start":{"line":12,"column":25},"end":{"line":14,"column":2}},"2":{"start":{"line":16,"column":21},"end":{"line":19,"column":3}},"3":{"start":{"line":16,"column":50},"end":{"line":19,"column":1}},"4":{"start":{"line":21,"column":28},"end":{"line":26,"column":3}},"5":{"start":{"line":21,"column":56},"end":{"line":26,"column":1}},"6":{"start":{"line":28,"column":22},"end":{"line":30,"column":2}},"7":{"start":{"line":32,"column":26},"end":{"line":34,"column":3}},"8":{"start":{"line":32,"column":55},"end":{"line":34,"column":1}},"9":{"start":{"line":36,"column":30},"end":{"line":42,"column":3}},"10":{"start":{"line":36,"column":63},"end":{"line":42,"column":1}},"11":{"start":{"line":44,"column":28},"end":{"line":46,"column":3}},"12":{"start":{"line":44,"column":57},"end":{"line":46,"column":1}}},"fnMap":{"0":{"name":"(anonymous_0)","decl":{"start":{"line":16,"column":34},"end":{"line":16,"column":35}},"loc":{"start":{"line":16,"column":50},"end":{"line":19,"column":1}},"line":16},"1":{"name":"(anonymous_1)","decl":{"start":{"line":21,"column":40},"end":{"line":21,"column":41}},"loc":{"start":{"line":21,"column":56},"end":{"line":26,"column":1}},"line":21},"2":{"name":"(anonymous_2)","decl":{"start":{"line":32,"column":39},"end":{"line":32,"column":40}},"loc":{"start":{"line":32,"column":55},"end":{"line":34,"column":1}},"line":32},"3":{"name":"(anonymous_3)","decl":{"start":{"line":36,"column":47},"end":{"line":36,"column":48}},"loc":{"start":{"line":36,"column":63},"end":{"line":42,"column":1}},"line":36},"4":{"name":"(anonymous_4)","decl":{"start":{"line":44,"column":41},"end":{"line":44,"column":42}},"loc":{"start":{"line":44,"column":57},"end":{"line":46,"column":1}},"line":44}},"branchMap":{},"s":{"0":3,"1":3,"2":3,"3":17,"4":3,"5":5,"6":3,"7":3,"8":13,"9":3,"10":17,"11":3,"12":17},"f":{"0":17,"1":5,"2":13,"3":17,"4":17},"b":{},"_coverageSchema":"1a1c01bbd47fc00a2c39e90264f33305004495a9","hash":"28e40893138a380b1d3ae8b4ab7f6d2e2ada2019"}
,"/Users/alexandredossantosgoncalves/Repositories/GameTemplete/src/components/ThemeSelector/ThemeSelector.tsx": {"path":"/Users/alexandredossantosgoncalves/Repositories/GameTemplete/src/components/ThemeSelector/ThemeSelector.tsx","statementMap":{"0":{"start":{"line":15,"column":29},"end":{"line":69,"column":1}},"1":{"start":{"line":16,"column":16},"end":{"line":16,"column":41}},"2":{"start":{"line":17,"column":37},"end":{"line":17,"column":50}},"3":{"start":{"line":18,"column":32},"end":{"line":18,"column":47}},"4":{"start":{"line":20,"column":32},"end":{"line":27,"column":3}},"5":{"start":{"line":21,"column":10},"end":{"line":25,"column":5}},"6":{"start":{"line":29,"column":24},"end":{"line":31,"column":10}},"7":{"start":{"line":30,"column":14},"end":{"line":30,"column":40}},"8":{"start":{"line":33,"column":2},"end":{"line":68,"column":4}},"9":{"start":{"line":38,"column":23},"end":{"line":38,"column":39}},"10":{"start":{"line":48,"column":53},"end":{"line":48,"column":70}},"11":{"start":{"line":51,"column":14},"end":{"line":62,"column":25}},"12":{"start":{"line":55,"column":18},"end":{"line":55,"column":44}},"13":{"start":{"line":56,"column":18},"end":{"line":56,"column":36}}},"fnMap":{"0":{"name":"(anonymous_0)","decl":{"start":{"line":15,"column":29},"end":{"line":15,"column":30}},"loc":{"start":{"line":15,"column":35},"end":{"line":69,"column":1}},"line":15},"1":{"name":"(anonymous_1)","decl":{"start":{"line":21,"column":4},"end":{"line":21,"column":5}},"loc":{"start":{"line":21,"column":10},"end":{"line":25,"column":5}},"line":21},"2":{"name":"(anonymous_2)","decl":{"start":{"line":30,"column":4},"end":{"line":30,"column":5}},"loc":{"start":{"line":30,"column":14},"end":{"line":30,"column":40}},"line":30},"3":{"name":"(anonymous_3)","decl":{"start":{"line":38,"column":17},"end":{"line":38,"column":18}},"loc":{"start":{"line":38,"column":23},"end":{"line":38,"column":39}},"line":38},"4":{"name":"(anonymous_4)","decl":{"start":{"line":48,"column":47},"end":{"line":48,"column":48}},"loc":{"start":{"line":48,"column":53},"end":{"line":48,"column":70}},"line":48},"5":{"name":"(anonymous_5)","decl":{"start":{"line":50,"column":25},"end":{"line":50,"column":26}},"loc":{"start":{"line":51,"column":14},"end":{"line":62,"column":25}},"line":51},"6":{"name":"(anonymous_6)","decl":{"start":{"line":54,"column":25},"end":{"line":54,"column":26}},"loc":{"start":{"line":54,"column":31},"end":{"line":57,"column":17}},"line":54}},"branchMap":{},"s":{"0":2,"1":16,"2":16,"3":16,"4":16,"5":16,"6":16,"7":37,"8":16,"9":4,"10":1,"11":48,"12":1,"13":1},"f":{"0":16,"1":16,"2":37,"3":4,"4":1,"5":48,"6":1},"b":{},"_coverageSchema":"1a1c01bbd47fc00a2c39e90264f33305004495a9","hash":"bfd58ed55a44dd3b13539c51ecf1cddce44cedf1"}
,"/Users/alexandredossantosgoncalves/Repositories/GameTemplete/src/constants/languages/languages.ts": {"path":"/Users/alexandredossantosgoncalves/Repositories/GameTemplete/src/constants/languages/languages.ts","statementMap":{"0":{"start":{"line":1,"column":25},"end":{"line":6,"column":1}}},"fnMap":{},"branchMap":{},"s":{"0":4},"f":{},"b":{},"_coverageSchema":"1a1c01bbd47fc00a2c39e90264f33305004495a9","hash":"7ca3b56112aab43d38fd319954ab065bf1ae8a9c"}
,"/Users/alexandredossantosgoncalves/Repositories/GameTemplete/src/hooks/useAppFonts/useAppFonts.ts": {"path":"/Users/alexandredossantosgoncalves/Repositories/GameTemplete/src/hooks/useAppFonts/useAppFonts.ts","statementMap":{"0":{"start":{"line":4,"column":24},"end":{"line":8,"column":4}},"1":{"start":{"line":10,"column":2},"end":{"line":10,"column":21}}},"fnMap":{"0":{"name":"useAppFonts","decl":{"start":{"line":3,"column":16},"end":{"line":3,"column":27}},"loc":{"start":{"line":3,"column":30},"end":{"line":11,"column":1}},"line":3}},"branchMap":{},"s":{"0":3,"1":3},"f":{"0":3},"b":{},"_coverageSchema":"1a1c01bbd47fc00a2c39e90264f33305004495a9","hash":"a8247bc6132c34d86ecda6e5877cff9f863e0b24"}
,"/Users/alexandredossantosgoncalves/Repositories/GameTemplete/src/hooks/useAppLanguage/useAppLanguage.ts": {"path":"/Users/alexandredossantosgoncalves/Repositories/GameTemplete/src/hooks/useAppLanguage/useAppLanguage.ts","statementMap":{"0":{"start":{"line":5,"column":2},"end":{"line":5,"column":37}}},"fnMap":{"0":{"name":"useLanguage","decl":{"start":{"line":4,"column":16},"end":{"line":4,"column":27}},"loc":{"start":{"line":4,"column":30},"end":{"line":6,"column":1}},"line":4}},"branchMap":{},"s":{"0":8},"f":{"0":8},"b":{},"_coverageSchema":"1a1c01bbd47fc00a2c39e90264f33305004495a9","hash":"515c5a1e39ef5578962c4470fd40c1ef74335b8b"}
,"/Users/alexandredossantosgoncalves/Repositories/GameTemplete/src/hooks/useAppTheme/useAppTheme.ts": {"path":"/Users/alexandredossantosgoncalves/Repositories/GameTemplete/src/hooks/useAppTheme/useAppTheme.ts","statementMap":{"0":{"start":{"line":5,"column":2},"end":{"line":5,"column":34}}},"fnMap":{"0":{"name":"useAppTheme","decl":{"start":{"line":4,"column":16},"end":{"line":4,"column":27}},"loc":{"start":{"line":4,"column":30},"end":{"line":6,"column":1}},"line":4}},"branchMap":{},"s":{"0":7},"f":{"0":7},"b":{},"_coverageSchema":"1a1c01bbd47fc00a2c39e90264f33305004495a9","hash":"8575c06fbdf0d43d152f1ddc61b544fa5604cb81"}
,"/Users/alexandredossantosgoncalves/Repositories/GameTemplete/src/i18n/index.ts": {"path":"/Users/alexandredossantosgoncalves/Repositories/GameTemplete/src/i18n/index.ts","statementMap":{"0":{"start":{"line":24,"column":18},"end":{"line":45,"column":1}},"1":{"start":{"line":47,"column":28},"end":{"line":47,"column":43}},"2":{"start":{"line":50,"column":17},"end":{"line":50,"column":57}},"3":{"start":{"line":52,"column":2},"end":{"line":54,"column":3}},"4":{"start":{"line":53,"column":4},"end":{"line":53,"column":33}},"5":{"start":{"line":56,"column":21},"end":{"line":56,"column":63}},"6":{"start":{"line":58,"column":2},"end":{"line":60,"column":3}},"7":{"start":{"line":59,"column":4},"end":{"line":59,"column":37}},"8":{"start":{"line":62,"column":2},"end":{"line":62,"column":14}},"9":{"start":{"line":66,"column":2},"end":{"line":66,"column":49}},"10":{"start":{"line":67,"column":2},"end":{"line":67,"column":34}},"11":{"start":{"line":71,"column":15},"end":{"line":71,"column":40}},"12":{"start":{"line":72,"column":2},"end":{"line":72,"column":34}},"13":{"start":{"line":73,"column":2},"end":{"line":73,"column":49}},"14":{"start":{"line":76,"column":0},"end":{"line":84,"column":3}}},"fnMap":{"0":{"name":"getStoredLanguage","decl":{"start":{"line":49,"column":22},"end":{"line":49,"column":39}},"loc":{"start":{"line":49,"column":64},"end":{"line":63,"column":1}},"line":49},"1":{"name":"changeAppLanguage","decl":{"start":{"line":65,"column":22},"end":{"line":65,"column":39}},"loc":{"start":{"line":65,"column":59},"end":{"line":68,"column":1}},"line":65},"2":{"name":"loadInitialLanguage","decl":{"start":{"line":70,"column":22},"end":{"line":70,"column":41}},"loc":{"start":{"line":70,"column":44},"end":{"line":74,"column":1}},"line":70}},"branchMap":{"0":{"loc":{"start":{"line":52,"column":2},"end":{"line":54,"column":3}},"type":"if","locations":[{"start":{"line":52,"column":2},"end":{"line":54,"column":3}},{"start":{},"end":{}}],"line":52},"1":{"loc":{"start":{"line":52,"column":6},"end":{"line":52,"column":35}},"type":"binary-expr","locations":[{"start":{"line":52,"column":6},"end":{"line":52,"column":12}},{"start":{"line":52,"column":16},"end":{"line":52,"column":35}}],"line":52},"2":{"loc":{"start":{"line":58,"column":2},"end":{"line":60,"column":3}},"type":"if","locations":[{"start":{"line":58,"column":2},"end":{"line":60,"column":3}},{"start":{},"end":{}}],"line":58},"3":{"loc":{"start":{"line":58,"column":6},"end":{"line":58,"column":43}},"type":"binary-expr","locations":[{"start":{"line":58,"column":6},"end":{"line":58,"column":16}},{"start":{"line":58,"column":20},"end":{"line":58,"column":43}}],"line":58}},"s":{"0":2,"1":2,"2":5,"3":5,"4":3,"5":2,"6":2,"7":1,"8":1,"9":1,"10":1,"11":1,"12":1,"13":1,"14":2},"f":{"0":5,"1":1,"2":1},"b":{"0":[3,2],"1":[5,3],"2":[1,1],"3":[2,2]},"_coverageSchema":"1a1c01bbd47fc00a2c39e90264f33305004495a9","hash":"4f5242c46c93f3e93bdd5635ddda0b4155137a8e"}
,"/Users/alexandredossantosgoncalves/Repositories/GameTemplete/src/providers/AppProvider/AppProvider.tsx": {"path":"/Users/alexandredossantosgoncalves/Repositories/GameTemplete/src/providers/AppProvider/AppProvider.tsx","statementMap":{"0":{"start":{"line":10,"column":22},"end":{"line":10,"column":35}},"1":{"start":{"line":12,"column":2},"end":{"line":12,"column":32}},"2":{"start":{"line":12,"column":20},"end":{"line":12,"column":32}},"3":{"start":{"line":14,"column":2},"end":{"line":18,"column":4}}},"fnMap":{"0":{"name":"AppProvider","decl":{"start":{"line":9,"column":16},"end":{"line":9,"column":27}},"loc":{"start":{"line":9,"column":60},"end":{"line":19,"column":1}},"line":9}},"branchMap":{"0":{"loc":{"start":{"line":12,"column":2},"end":{"line":12,"column":32}},"type":"if","locations":[{"start":{"line":12,"column":2},"end":{"line":12,"column":32}},{"start":{},"end":{}}],"line":12}},"s":{"0":2,"1":2,"2":1,"3":1},"f":{"0":2},"b":{"0":[1,1]},"_coverageSchema":"1a1c01bbd47fc00a2c39e90264f33305004495a9","hash":"688ed2e9e225a4c7b6e6bc0a53dbf524d95abe13"}
,"/Users/alexandredossantosgoncalves/Repositories/GameTemplete/src/providers/AppThemeProvider/AppThemeProvider.tsx": {"path":"/Users/alexandredossantosgoncalves/Repositories/GameTemplete/src/providers/AppThemeProvider/AppThemeProvider.tsx","statementMap":{"0":{"start":{"line":9,"column":25},"end":{"line":9,"column":37}},"1":{"start":{"line":16,"column":28},"end":{"line":16,"column":66}},"2":{"start":{"line":18,"column":73},"end":{"line":56,"column":1}},"3":{"start":{"line":21,"column":36},"end":{"line":21,"column":68}},"4":{"start":{"line":22,"column":42},"end":{"line":22,"column":62}},"5":{"start":{"line":24,"column":2},"end":{"line":34,"column":9}},"6":{"start":{"line":26,"column":21},"end":{"line":26,"column":58}},"7":{"start":{"line":28,"column":19},"end":{"line":28,"column":55}},"8":{"start":{"line":29,"column":6},"end":{"line":29,"column":25}},"9":{"start":{"line":30,"column":6},"end":{"line":30,"column":23}},"10":{"start":{"line":33,"column":4},"end":{"line":33,"column":16}},"11":{"start":{"line":37,"column":4},"end":{"line":42,"column":5}},"12":{"start":{"line":38,"column":21},"end":{"line":38,"column":48}},"13":{"start":{"line":39,"column":6},"end":{"line":39,"column":66}},"14":{"start":{"line":41,"column":6},"end":{"line":41,"column":64}},"15":{"start":{"line":46,"column":4},"end":{"line":46,"column":23}},"16":{"start":{"line":47,"column":4},"end":{"line":47,"column":21}},"17":{"start":{"line":48,"column":4},"end":{"line":48,"column":48}},"18":{"start":{"line":51,"column":2},"end":{"line":55,"column":4}}},"fnMap":{"0":{"name":"(anonymous_0)","decl":{"start":{"line":18,"column":73},"end":{"line":18,"column":74}},"loc":{"start":{"line":20,"column":6},"end":{"line":56,"column":1}},"line":20},"1":{"name":"(anonymous_1)","decl":{"start":{"line":24,"column":12},"end":{"line":24,"column":13}},"loc":{"start":{"line":24,"column":18},"end":{"line":34,"column":3}},"line":24},"2":{"name":"loadTheme","decl":{"start":{"line":25,"column":19},"end":{"line":25,"column":28}},"loc":{"start":{"line":25,"column":31},"end":{"line":31,"column":5}},"line":25},"3":{"name":"applyTheme","decl":{"start":{"line":36,"column":11},"end":{"line":36,"column":21}},"loc":{"start":{"line":36,"column":42},"end":{"line":43,"column":3}},"line":36},"4":{"name":"changeTheme","decl":{"start":{"line":45,"column":17},"end":{"line":45,"column":28}},"loc":{"start":{"line":45,"column":49},"end":{"line":49,"column":3}},"line":45}},"branchMap":{"0":{"loc":{"start":{"line":28,"column":19},"end":{"line":28,"column":55}},"type":"binary-expr","locations":[{"start":{"line":28,"column":20},"end":{"line":28,"column":42}},{"start":{"line":28,"column":47},"end":{"line":28,"column":55}}],"line":28},"1":{"loc":{"start":{"line":37,"column":4},"end":{"line":42,"column":5}},"type":"if","locations":[{"start":{"line":37,"column":4},"end":{"line":42,"column":5}},{"start":{"line":40,"column":11},"end":{"line":42,"column":5}}],"line":37},"2":{"loc":{"start":{"line":39,"column":22},"end":{"line":39,"column":64}},"type":"cond-expr","locations":[{"start":{"line":39,"column":42},"end":{"line":39,"column":51}},{"start":{"line":39,"column":54},"end":{"line":39,"column":64}}],"line":39},"3":{"loc":{"start":{"line":41,"column":22},"end":{"line":41,"column":62}},"type":"cond-expr","locations":[{"start":{"line":41,"column":40},"end":{"line":41,"column":49}},{"start":{"line":41,"column":52},"end":{"line":41,"column":62}}],"line":41}},"s":{"0":4,"1":4,"2":4,"3":8,"4":8,"5":8,"6":4,"7":4,"8":4,"9":4,"10":4,"11":5,"12":2,"13":2,"14":3,"15":1,"16":1,"17":1,"18":8},"f":{"0":8,"1":4,"2":4,"3":5,"4":1},"b":{"0":[4,2],"1":[2,3],"2":[1,1],"3":[2,1]},"_coverageSchema":"1a1c01bbd47fc00a2c39e90264f33305004495a9","hash":"9d7a3627e3b762cd61ab98eb5f49b6e48f40330b"}
,"/Users/alexandredossantosgoncalves/Repositories/GameTemplete/src/providers/LanguageProvider/LanguageProvider.tsx": {"path":"/Users/alexandredossantosgoncalves/Repositories/GameTemplete/src/providers/LanguageProvider/LanguageProvider.tsx","statementMap":{"0":{"start":{"line":11,"column":31},"end":{"line":13,"column":1}},"1":{"start":{"line":15,"column":32},"end":{"line":48,"column":1}},"2":{"start":{"line":16,"column":34},"end":{"line":16,"column":61}},"3":{"start":{"line":17,"column":36},"end":{"line":17,"column":50}},"4":{"start":{"line":19,"column":2},"end":{"line":28,"column":9}},"5":{"start":{"line":21,"column":21},"end":{"line":21,"column":46}},"6":{"start":{"line":22,"column":19},"end":{"line":22,"column":50}},"7":{"start":{"line":23,"column":6},"end":{"line":23,"column":36}},"8":{"start":{"line":24,"column":6},"end":{"line":24,"column":24}},"9":{"start":{"line":25,"column":6},"end":{"line":25,"column":26}},"10":{"start":{"line":27,"column":4},"end":{"line":27,"column":11}},"11":{"start":{"line":30,"column":25},"end":{"line":33,"column":3}},"12":{"start":{"line":31,"column":4},"end":{"line":31,"column":34}},"13":{"start":{"line":32,"column":4},"end":{"line":32,"column":22}},"14":{"start":{"line":35,"column":2},"end":{"line":35,"column":29}},"15":{"start":{"line":35,"column":17},"end":{"line":35,"column":29}},"16":{"start":{"line":37,"column":2},"end":{"line":47,"column":4}}},"fnMap":{"0":{"name":"(anonymous_0)","decl":{"start":{"line":15,"column":32},"end":{"line":15,"column":33}},"loc":{"start":{"line":15,"column":55},"end":{"line":48,"column":1}},"line":15},"1":{"name":"(anonymous_1)","decl":{"start":{"line":19,"column":12},"end":{"line":19,"column":13}},"loc":{"start":{"line":19,"column":18},"end":{"line":28,"column":3}},"line":19},"2":{"name":"load","decl":{"start":{"line":20,"column":19},"end":{"line":20,"column":23}},"loc":{"start":{"line":20,"column":26},"end":{"line":26,"column":5}},"line":20},"3":{"name":"(anonymous_3)","decl":{"start":{"line":30,"column":25},"end":{"line":30,"column":26}},"loc":{"start":{"line":30,"column":54},"end":{"line":33,"column":3}},"line":30}},"branchMap":{"0":{"loc":{"start":{"line":22,"column":19},"end":{"line":22,"column":50}},"type":"binary-expr","locations":[{"start":{"line":22,"column":20},"end":{"line":22,"column":41}},{"start":{"line":22,"column":46},"end":{"line":22,"column":50}}],"line":22},"1":{"loc":{"start":{"line":35,"column":2},"end":{"line":35,"column":29}},"type":"if","locations":[{"start":{"line":35,"column":2},"end":{"line":35,"column":29}},{"start":{},"end":{}}],"line":35}},"s":{"0":4,"1":4,"2":9,"3":9,"4":9,"5":4,"6":4,"7":4,"8":4,"9":4,"10":4,"11":9,"12":1,"13":1,"14":9,"15":4,"16":5},"f":{"0":9,"1":4,"2":4,"3":1},"b":{"0":[4,1],"1":[4,5]},"_coverageSchema":"1a1c01bbd47fc00a2c39e90264f33305004495a9","hash":"b9832171374f5b6f418de0d5c175399eebcc420f"}
,"/Users/alexandredossantosgoncalves/Repositories/GameTemplete/src/resources/colors.ts": {"path":"/Users/alexandredossantosgoncalves/Repositories/GameTemplete/src/resources/colors.ts","statementMap":{"0":{"start":{"line":1,"column":22},"end":{"line":40,"column":1}}},"fnMap":{},"branchMap":{},"s":{"0":9},"f":{},"b":{},"_coverageSchema":"1a1c01bbd47fc00a2c39e90264f33305004495a9","hash":"1ba57b0ba8dd8cc654e832487e16e6fd15a9d4ec"}
,"/Users/alexandredossantosgoncalves/Repositories/GameTemplete/src/resources/spacing.ts": {"path":"/Users/alexandredossantosgoncalves/Repositories/GameTemplete/src/resources/spacing.ts","statementMap":{"0":{"start":{"line":1,"column":23},"end":{"line":11,"column":1}}},"fnMap":{},"branchMap":{},"s":{"0":9},"f":{},"b":{},"_coverageSchema":"1a1c01bbd47fc00a2c39e90264f33305004495a9","hash":"9f4ed3f1cb1843453c96854e485baec9e8625aab"}
,"/Users/alexandredossantosgoncalves/Repositories/GameTemplete/src/resources/typography.ts": {"path":"/Users/alexandredossantosgoncalves/Repositories/GameTemplete/src/resources/typography.ts","statementMap":{"0":{"start":{"line":1,"column":26},"end":{"line":16,"column":1}}},"fnMap":{},"branchMap":{},"s":{"0":11},"f":{},"b":{},"_coverageSchema":"1a1c01bbd47fc00a2c39e90264f33305004495a9","hash":"ea53d52cb50372ed6372357c296a02c379c204c2"}
,"/Users/alexandredossantosgoncalves/Repositories/GameTemplete/src/resources/themes/dark.ts": {"path":"/Users/alexandredossantosgoncalves/Repositories/GameTemplete/src/resources/themes/dark.ts","statementMap":{"0":{"start":{"line":3,"column":25},"end":{"line":12,"column":1}}},"fnMap":{},"branchMap":{},"s":{"0":4},"f":{},"b":{},"_coverageSchema":"1a1c01bbd47fc00a2c39e90264f33305004495a9","hash":"1262bd3608d32018ddaedcf18668e391089d74c7"}
,"/Users/alexandredossantosgoncalves/Repositories/GameTemplete/src/resources/themes/light.ts": {"path":"/Users/alexandredossantosgoncalves/Repositories/GameTemplete/src/resources/themes/light.ts","statementMap":{"0":{"start":{"line":3,"column":26},"end":{"line":12,"column":1}}},"fnMap":{},"branchMap":{},"s":{"0":5},"f":{},"b":{},"_coverageSchema":"1a1c01bbd47fc00a2c39e90264f33305004495a9","hash":"9cca16d2ad6b68a99bae1c6672adb433b1e5fcf7"}
,"/Users/alexandredossantosgoncalves/Repositories/GameTemplete/src/routes/routes.tsx": {"path":"/Users/alexandredossantosgoncalves/Repositories/GameTemplete/src/routes/routes.tsx","statementMap":{"0":{"start":{"line":13,"column":14},"end":{"line":13,"column":56}},"1":{"start":{"line":15,"column":25},"end":{"line":38,"column":1}},"2":{"start":{"line":16,"column":16},"end":{"line":16,"column":41}},"3":{"start":{"line":18,"column":66},"end":{"line":21,"column":3}},"4":{"start":{"line":23,"column":2},"end":{"line":37,"column":4}},"5":{"start":{"line":26,"column":37},"end":{"line":31,"column":7}},"6":{"start":{"line":28,"column":10},"end":{"line":30,"column":18}}},"fnMap":{"0":{"name":"(anonymous_0)","decl":{"start":{"line":15,"column":25},"end":{"line":15,"column":26}},"loc":{"start":{"line":15,"column":31},"end":{"line":38,"column":1}},"line":15},"1":{"name":"(anonymous_1)","decl":{"start":{"line":26,"column":21},"end":{"line":26,"column":22}},"loc":{"start":{"line":26,"column":37},"end":{"line":31,"column":7}},"line":26},"2":{"name":"(anonymous_2)","decl":{"start":{"line":27,"column":16},"end":{"line":27,"column":17}},"loc":{"start":{"line":28,"column":10},"end":{"line":30,"column":18}},"line":28}},"branchMap":{"0":{"loc":{"start":{"line":28,"column":10},"end":{"line":30,"column":18}},"type":"cond-expr","locations":[{"start":{"line":29,"column":12},"end":{"line":29,"column":59}},{"start":{"line":30,"column":14},"end":{"line":30,"column":18}}],"line":28}},"s":{"0":1,"1":1,"2":4,"3":4,"4":4,"5":8,"6":8},"f":{"0":4,"1":8,"2":8},"b":{"0":[2,6]},"_coverageSchema":"1a1c01bbd47fc00a2c39e90264f33305004495a9","hash":"6e2e649e1616396b1df2b0cdfa798a5e61809ae0"}
,"/Users/alexandredossantosgoncalves/Repositories/GameTemplete/src/screens/SettingsScreen/SettingsScreen.styles.ts": {"path":"/Users/alexandredossantosgoncalves/Repositories/GameTemplete/src/screens/SettingsScreen/SettingsScreen.styles.ts","statementMap":{"0":{"start":{"line":5,"column":25},"end":{"line":9,"column":3}},"1":{"start":{"line":5,"column":53},"end":{"line":9,"column":1}},"2":{"start":{"line":11,"column":21},"end":{"line":17,"column":1}},"3":{"start":{"line":11,"column":56},"end":{"line":15,"column":1}}},"fnMap":{"0":{"name":"(anonymous_0)","decl":{"start":{"line":5,"column":37},"end":{"line":5,"column":38}},"loc":{"start":{"line":5,"column":53},"end":{"line":9,"column":1}},"line":5},"1":{"name":"(anonymous_1)","decl":{"start":{"line":11,"column":40},"end":{"line":11,"column":41}},"loc":{"start":{"line":11,"column":56},"end":{"line":15,"column":1}},"line":11}},"branchMap":{},"s":{"0":2,"1":5,"2":2,"3":5},"f":{"0":5,"1":5},"b":{},"_coverageSchema":"1a1c01bbd47fc00a2c39e90264f33305004495a9","hash":"ab0ae8e25033c0b8cd69fb6da9651765d8adbd7c"}
,"/Users/alexandredossantosgoncalves/Repositories/GameTemplete/src/screens/SettingsScreen/SettingsScreen.tsx": {"path":"/Users/alexandredossantosgoncalves/Repositories/GameTemplete/src/screens/SettingsScreen/SettingsScreen.tsx","statementMap":{"0":{"start":{"line":6,"column":30},"end":{"line":16,"column":1}},"1":{"start":{"line":7,"column":16},"end":{"line":7,"column":41}},"2":{"start":{"line":9,"column":2},"end":{"line":15,"column":4}}},"fnMap":{"0":{"name":"(anonymous_0)","decl":{"start":{"line":6,"column":30},"end":{"line":6,"column":31}},"loc":{"start":{"line":6,"column":36},"end":{"line":16,"column":1}},"line":6}},"branchMap":{},"s":{"0":1,"1":4,"2":4},"f":{"0":4},"b":{},"_coverageSchema":"1a1c01bbd47fc00a2c39e90264f33305004495a9","hash":"221545c5cb8caafa38edadf25ef08e56045a86a6"}
}
