TN:
SF:src/components/Header/Header.styles.ts
FN:7,(anonymous_0)
FN:20,(anonymous_1)
FNF:2
FNH:2
FNDA:9,(anonymous_0)
FNDA:8,(anonymous_1)
DA:7,9
DA:12,3
DA:16,3
DA:20,8
DA:31,3
LF:5
LH:5
BRDA:9,0,0,1
BRDA:9,0,1,8
BRF:2
BRH:2
end_of_record
TN:
SF:src/components/Header/Header.tsx
FN:12,(anonymous_0)
FN:23,(anonymous_1)
FNF:2
FNH:2
FNDA:7,(anonymous_0)
FNDA:1,(anonymous_1)
DA:12,2
DA:13,7
DA:14,7
DA:16,7
DA:18,7
DA:23,1
LF:6
LH:6
BRDA:21,0,0,4
BRDA:21,0,1,3
BRF:2
BRH:2
end_of_record
TN:
SF:src/components/LanguageSelector/LanguageSelector.styles.ts
FN:16,(anonymous_0)
FN:22,(anonymous_1)
FN:33,(anonymous_2)
FN:37,(anonymous_3)
FN:45,(anonymous_4)
FNF:5
FNH:5
FNDA:17,(anonymous_0)
FNDA:5,(anonymous_1)
FNDA:17,(anonymous_2)
FNDA:17,(anonymous_3)
FNDA:17,(anonymous_4)
DA:6,3
DA:12,3
DA:16,17
DA:22,5
DA:29,3
DA:33,17
DA:37,17
DA:45,17
LF:8
LH:8
BRF:0
BRH:0
end_of_record
TN:
SF:src/components/LanguageSelector/LanguageSelector.tsx
FN:16,(anonymous_0)
FN:23,(anonymous_1)
FN:24,(anonymous_2)
FN:34,(anonymous_3)
FN:42,(anonymous_4)
FN:52,(anonymous_5)
FN:54,(anonymous_6)
FN:58,(anonymous_7)
FNF:8
FNH:8
FNDA:16,(anonymous_0)
FNDA:16,(anonymous_1)
FNDA:64,(anonymous_2)
FNDA:42,(anonymous_3)
FNDA:4,(anonymous_4)
FNDA:1,(anonymous_5)
FNDA:64,(anonymous_6)
FNDA:1,(anonymous_7)
DA:16,2
DA:17,16
DA:18,16
DA:19,16
DA:20,16
DA:22,16
DA:24,16
DA:25,64
DA:33,16
DA:34,42
DA:37,16
DA:42,4
DA:52,1
DA:55,64
DA:59,1
DA:60,1
LF:16
LH:16
BRF:0
BRH:0
end_of_record
TN:
SF:src/components/Text/Text.styles.ts
FN:14,(anonymous_0)
FN:16,(anonymous_1)
FNF:2
FNH:2
FNDA:138,(anonymous_0)
FNDA:138,(anonymous_1)
DA:14,138
DA:20,138
DA:22,11
DA:23,11
DA:24,11
DA:26,5
DA:27,5
DA:28,5
DA:30,122
DA:31,122
DA:32,122
DA:35,138
LF:12
LH:12
BRDA:20,0,0,11
BRDA:20,0,1,5
BRDA:20,0,2,122
BRDA:39,1,0,138
BRDA:39,1,1,131
BRF:5
BRH:5
end_of_record
TN:
SF:src/components/Text/Text.tsx
FN:11,(anonymous_0)
FNF:1
FNH:1
FNDA:138,(anonymous_0)
DA:11,11
DA:19,138
LF:2
LH:2
BRDA:13,0,0,116
BRDA:14,1,0,103
BRF:2
BRH:2
end_of_record
TN:
SF:src/components/ThemeSelector/ThemeSelector.styles.ts
FN:16,(anonymous_0)
FN:21,(anonymous_1)
FN:32,(anonymous_2)
FN:36,(anonymous_3)
FN:44,(anonymous_4)
FNF:5
FNH:5
FNDA:17,(anonymous_0)
FNDA:5,(anonymous_1)
FNDA:13,(anonymous_2)
FNDA:17,(anonymous_3)
FNDA:17,(anonymous_4)
DA:6,3
DA:12,3
DA:16,17
DA:21,5
DA:28,3
DA:32,13
DA:36,17
DA:44,17
LF:8
LH:8
BRF:0
BRH:0
end_of_record
TN:
SF:src/components/ThemeSelector/ThemeSelector.tsx
FN:15,(anonymous_0)
FN:21,(anonymous_1)
FN:30,(anonymous_2)
FN:38,(anonymous_3)
FN:48,(anonymous_4)
FN:50,(anonymous_5)
FN:54,(anonymous_6)
FNF:7
FNH:7
FNDA:16,(anonymous_0)
FNDA:16,(anonymous_1)
FNDA:37,(anonymous_2)
FNDA:4,(anonymous_3)
FNDA:1,(anonymous_4)
FNDA:48,(anonymous_5)
FNDA:1,(anonymous_6)
DA:15,2
DA:16,16
DA:17,16
DA:18,16
DA:20,16
DA:21,16
DA:29,16
DA:30,37
DA:33,16
DA:38,4
DA:48,1
DA:51,48
DA:55,1
DA:56,1
LF:14
LH:14
BRF:0
BRH:0
end_of_record
TN:
SF:src/constants/languages/languages.ts
FNF:0
FNH:0
DA:1,4
LF:1
LH:1
BRF:0
BRH:0
end_of_record
TN:
SF:src/hooks/useAppFonts/useAppFonts.ts
FN:3,useAppFonts
FNF:1
FNH:1
FNDA:3,useAppFonts
DA:4,3
DA:10,3
LF:2
LH:2
BRF:0
BRH:0
end_of_record
TN:
SF:src/hooks/useAppLanguage/useAppLanguage.ts
FN:4,useLanguage
FNF:1
FNH:1
FNDA:8,useLanguage
DA:5,8
LF:1
LH:1
BRF:0
BRH:0
end_of_record
TN:
SF:src/hooks/useAppTheme/useAppTheme.ts
FN:4,useAppTheme
FNF:1
FNH:1
FNDA:7,useAppTheme
DA:5,7
LF:1
LH:1
BRF:0
BRH:0
end_of_record
TN:
SF:src/i18n/index.ts
FN:49,getStoredLanguage
FN:65,changeAppLanguage
FN:70,loadInitialLanguage
FNF:3
FNH:3
FNDA:5,getStoredLanguage
FNDA:1,changeAppLanguage
FNDA:1,loadInitialLanguage
DA:24,2
DA:47,2
DA:50,5
DA:52,5
DA:53,3
DA:56,2
DA:58,2
DA:59,1
DA:62,1
DA:66,1
DA:67,1
DA:71,1
DA:72,1
DA:73,1
DA:76,2
LF:15
LH:15
BRDA:52,0,0,3
BRDA:52,0,1,2
BRDA:52,1,0,5
BRDA:52,1,1,3
BRDA:58,2,0,1
BRDA:58,2,1,1
BRDA:58,3,0,2
BRDA:58,3,1,2
BRF:8
BRH:8
end_of_record
TN:
SF:src/providers/AppProvider/AppProvider.tsx
FN:9,AppProvider
FNF:1
FNH:1
FNDA:2,AppProvider
DA:10,2
DA:12,2
DA:14,1
LF:3
LH:3
BRDA:12,0,0,1
BRDA:12,0,1,1
BRF:2
BRH:2
end_of_record
TN:
SF:src/providers/AppThemeProvider/AppThemeProvider.tsx
FN:18,(anonymous_0)
FN:24,(anonymous_1)
FN:25,loadTheme
FN:36,applyTheme
FN:45,changeTheme
FNF:5
FNH:5
FNDA:8,(anonymous_0)
FNDA:4,(anonymous_1)
FNDA:4,loadTheme
FNDA:5,applyTheme
FNDA:1,changeTheme
DA:9,4
DA:16,4
DA:18,4
DA:21,8
DA:22,8
DA:24,8
DA:26,4
DA:28,4
DA:29,4
DA:30,4
DA:33,4
DA:37,5
DA:38,2
DA:39,2
DA:41,3
DA:46,1
DA:47,1
DA:48,1
DA:51,8
LF:19
LH:19
BRDA:28,0,0,4
BRDA:28,0,1,2
BRDA:37,1,0,2
BRDA:37,1,1,3
BRDA:39,2,0,1
BRDA:39,2,1,1
BRDA:41,3,0,2
BRDA:41,3,1,1
BRF:8
BRH:8
end_of_record
TN:
SF:src/providers/LanguageProvider/LanguageProvider.tsx
FN:15,(anonymous_0)
FN:19,(anonymous_1)
FN:20,load
FN:30,(anonymous_3)
FNF:4
FNH:4
FNDA:9,(anonymous_0)
FNDA:4,(anonymous_1)
FNDA:4,load
FNDA:1,(anonymous_3)
DA:11,4
DA:15,4
DA:16,9
DA:17,9
DA:19,9
DA:21,4
DA:22,4
DA:23,4
DA:24,4
DA:25,4
DA:27,4
DA:30,9
DA:31,1
DA:32,1
DA:35,9
DA:37,5
LF:16
LH:16
BRDA:22,0,0,4
BRDA:22,0,1,1
BRDA:35,1,0,4
BRDA:35,1,1,5
BRF:4
BRH:4
end_of_record
TN:
SF:src/resources/colors.ts
FNF:0
FNH:0
DA:1,9
LF:1
LH:1
BRF:0
BRH:0
end_of_record
TN:
SF:src/resources/spacing.ts
FNF:0
FNH:0
DA:1,9
LF:1
LH:1
BRF:0
BRH:0
end_of_record
TN:
SF:src/resources/typography.ts
FNF:0
FNH:0
DA:1,11
LF:1
LH:1
BRF:0
BRH:0
end_of_record
TN:
SF:src/resources/themes/dark.ts
FNF:0
FNH:0
DA:3,4
LF:1
LH:1
BRF:0
BRH:0
end_of_record
TN:
SF:src/resources/themes/light.ts
FNF:0
FNH:0
DA:3,5
LF:1
LH:1
BRF:0
BRH:0
end_of_record
TN:
SF:src/routes/routes.tsx
FN:15,(anonymous_0)
FN:26,(anonymous_1)
FN:27,(anonymous_2)
FNF:3
FNH:3
FNDA:4,(anonymous_0)
FNDA:8,(anonymous_1)
FNDA:8,(anonymous_2)
DA:13,1
DA:15,1
DA:16,4
DA:18,4
DA:23,4
DA:26,8
DA:28,8
LF:7
LH:7
BRDA:28,0,0,2
BRDA:28,0,1,6
BRF:2
BRH:2
end_of_record
TN:
SF:src/screens/SettingsScreen/SettingsScreen.styles.ts
FN:5,(anonymous_0)
FN:11,(anonymous_1)
FNF:2
FNH:2
FNDA:5,(anonymous_0)
FNDA:5,(anonymous_1)
DA:5,5
DA:11,5
LF:2
LH:2
BRF:0
BRH:0
end_of_record
TN:
SF:src/screens/SettingsScreen/SettingsScreen.tsx
FN:6,(anonymous_0)
FNF:1
FNH:1
FNDA:4,(anonymous_0)
DA:6,1
DA:7,4
DA:9,4
LF:3
LH:3
BRF:0
BRH:0
end_of_record
